<?xml version="1.0" encoding="UTF-8"?>
<!-- Generated by org.testng.reporters.JUnitReportReporter -->
<testsuite hostname="SHESADAS-3MV9K" name="internetexplorer.WebexSingleIE" tests="1" failures="0" timestamp="18 May 2016 09:01:35 GMT" time="66.919" errors="0">
  <testcase name="open" time="66.919" classname="internetexplorer.WebexSingleIE"/>
</testsuite> <!-- internetexplorer.WebexSingleIE -->
