<?xml version="1.0" encoding="UTF-8"?>
<!-- Generated by org.testng.reporters.JUnitReportReporter -->
<testsuite hostname="SHESADAS-3MV9K" name="internetexplorer.SingleMeetingIE" tests="1" failures="0" timestamp="18 May 2016 09:01:35 GMT" time="49.737" errors="0">
  <testcase name="open" time="49.737" classname="internetexplorer.SingleMeetingIE"/>
</testsuite> <!-- internetexplorer.SingleMeetingIE -->
