<?xml version="1.0" encoding="UTF-8"?>
<!-- Generated by org.testng.reporters.JUnitReportReporter -->
<testsuite hostname="SHESADAS-3MV9K" name="internetexplorer.WebexRecIE" tests="1" failures="0" timestamp="18 May 2016 09:29:34 GMT" time="75.210" errors="0">
  <testcase name="open" time="75.210" classname="internetexplorer.WebexRecIE"/>
</testsuite> <!-- internetexplorer.WebexRecIE -->
